<?xml version="1.0" encoding="UTF-8"?>
<robot generator="Robot 6.1.1 (Python 3.10.10 on win32)" generated="20240109 18:23:34.633" rpa="false" schemaversion="4">
<suite id="s1" name="Login" source="D:\SanberCodQuiz4\Quiz-4---Week-4\suites\login.robot">
<test id="s1-t1" name="User should be able to login with valid credentials" line="17">
<kw name="open aplikasi" library="base" type="SETUP">
<kw name="Open Application" library="AppiumLibrary">
<arg>remote_url=${REMOTE_URL}</arg>
<arg>platformName=${PLATFORM_NAME}</arg>
<arg>platformVersion=${PLATFORM_VERSION}</arg>
<arg>deviceName=${DEVICE_NAME}</arg>
<arg>appPackage=${APP_PACKAGE}</arg>
<arg>appActivity=${APP_ACTIVITY}</arg>
<doc>Opens a new application to given Appium server.
Capabilities of appium server, Android and iOS,
Please check https://github.com/appium/appium/blob/master/docs/en/writing-running-appium/server-args.md
| *Option*            | *Man.* | *Description*     |
| remote_url          | Yes    | Appium server url |
| alias               | no     | alias             |
| strict_ssl          | No     | allows you to send commands to an invalid certificate host like a self-signed one. |</doc>
<status status="PASS" starttime="20240109 18:23:34.886" endtime="20240109 18:23:40.432"/>
</kw>
<status status="PASS" starttime="20240109 18:23:34.886" endtime="20240109 18:23:40.432"/>
</kw>
<kw name="Verify Home Page Appears" library="homePage">
<kw name="Wait Until Element Is Visible" library="AppiumLibrary">
<arg>${logo_homePage}</arg>
<doc>Waits until element specified with `locator` is visible.</doc>
<msg timestamp="20240109 18:23:41.276" level="INFO">xpath criteria: //android.widget.ImageView[@resource-id="com.example.myapplication:id/imageView4"]</msg>
<status status="PASS" starttime="20240109 18:23:40.433" endtime="20240109 18:23:41.276"/>
</kw>
<status status="PASS" starttime="20240109 18:23:40.432" endtime="20240109 18:23:41.276"/>
</kw>
<kw name="Click Sign In Button On Home Page" library="homePage">
<kw name="Click Element" library="AppiumLibrary">
<arg>${sign-in-button}</arg>
<doc>Click element identified by `locator`.</doc>
<msg timestamp="20240109 18:23:41.279" level="INFO">Clicking element '//android.widget.Button[@resource-id="com.example.myapplication:id/login"]'.</msg>
<msg timestamp="20240109 18:23:41.365" level="INFO">xpath criteria: //android.widget.Button[@resource-id="com.example.myapplication:id/login"]</msg>
<status status="PASS" starttime="20240109 18:23:41.277" endtime="20240109 18:23:41.365"/>
</kw>
<status status="PASS" starttime="20240109 18:23:41.277" endtime="20240109 18:23:41.365"/>
</kw>
<kw name="Verifikasi Input From Login" library="loginPage">
<kw name="Wait Until Element Is Visible" library="AppiumLibrary">
<arg>${username_input}</arg>
<doc>Waits until element specified with `locator` is visible.</doc>
<msg timestamp="20240109 18:23:42.177" level="INFO">xpath criteria: //android.widget.EditText[@resource-id="com.example.myapplication:id/username"]
xpath criteria: //android.widget.EditText[@resource-id="com.example.myapplication:id/username"]</msg>
<status status="PASS" starttime="20240109 18:23:41.366" endtime="20240109 18:23:42.178"/>
</kw>
<kw name="Wait Until Element Is Visible" library="AppiumLibrary">
<arg>${password_input}</arg>
<doc>Waits until element specified with `locator` is visible.</doc>
<msg timestamp="20240109 18:23:42.245" level="INFO">xpath criteria: //android.widget.EditText[@resource-id="com.example.myapplication:id/password"]</msg>
<status status="PASS" starttime="20240109 18:23:42.178" endtime="20240109 18:23:42.245"/>
</kw>
<kw name="Wait Until Element Is Visible" library="AppiumLibrary">
<arg>${log_in_button}</arg>
<doc>Waits until element specified with `locator` is visible.</doc>
<msg timestamp="20240109 18:23:42.317" level="INFO">xpath criteria: //android.widget.Button[@resource-id="com.example.myapplication:id/signIn"]</msg>
<status status="PASS" starttime="20240109 18:23:42.245" endtime="20240109 18:23:42.317"/>
</kw>
<status status="PASS" starttime="20240109 18:23:41.366" endtime="20240109 18:23:42.317"/>
</kw>
<kw name="Input Username On Login Page" library="loginPage">
<arg>${VALID_EMAIL}</arg>
<kw name="Input Text" library="AppiumLibrary">
<arg>${username_input}</arg>
<arg>${Email}</arg>
<doc>Types the given `text` into text field identified by `locator`.</doc>
<msg timestamp="20240109 18:23:42.319" level="INFO">Typing text 'support@ngendigital.com' into text field '//android.widget.EditText[@resource-id="com.example.myapplication:id/username"]'</msg>
<msg timestamp="20240109 18:23:42.396" level="INFO">xpath criteria: //android.widget.EditText[@resource-id="com.example.myapplication:id/username"]</msg>
<status status="PASS" starttime="20240109 18:23:42.318" endtime="20240109 18:23:42.396"/>
</kw>
<status status="PASS" starttime="20240109 18:23:42.318" endtime="20240109 18:23:42.396"/>
</kw>
<kw name="Input Password On Login Page" library="loginPage">
<arg>${VALID_PASSWORD}</arg>
<kw name="Wait Until Element Is Visible" library="AppiumLibrary">
<arg>${username_input}</arg>
<doc>Waits until element specified with `locator` is visible.</doc>
<msg timestamp="20240109 18:23:42.945" level="INFO">xpath criteria: //android.widget.EditText[@resource-id="com.example.myapplication:id/username"]</msg>
<status status="PASS" starttime="20240109 18:23:42.397" endtime="20240109 18:23:42.945"/>
</kw>
<kw name="Input Text" library="AppiumLibrary">
<arg>${password_input}</arg>
<arg>${password}</arg>
<doc>Types the given `text` into text field identified by `locator`.</doc>
<msg timestamp="20240109 18:23:42.946" level="INFO">Typing text 'abc123' into text field '//android.widget.EditText[@resource-id="com.example.myapplication:id/password"]'</msg>
<msg timestamp="20240109 18:23:43.012" level="INFO">xpath criteria: //android.widget.EditText[@resource-id="com.example.myapplication:id/password"]</msg>
<status status="PASS" starttime="20240109 18:23:42.945" endtime="20240109 18:23:43.012"/>
</kw>
<status status="PASS" starttime="20240109 18:23:42.397" endtime="20240109 18:23:43.012"/>
</kw>
<kw name="Click Sign In Button on Login Page" library="loginPage">
<kw name="Click Element" library="AppiumLibrary">
<arg>${log_in_button}</arg>
<doc>Click element identified by `locator`.</doc>
<msg timestamp="20240109 18:23:43.013" level="INFO">Clicking element '//android.widget.Button[@resource-id="com.example.myapplication:id/signIn"]'.</msg>
<msg timestamp="20240109 18:23:43.566" level="INFO">xpath criteria: //android.widget.Button[@resource-id="com.example.myapplication:id/signIn"]</msg>
<status status="PASS" starttime="20240109 18:23:43.012" endtime="20240109 18:23:43.566"/>
</kw>
<status status="PASS" starttime="20240109 18:23:43.012" endtime="20240109 18:23:43.566"/>
</kw>
<kw name="Verifikasi Login" library="loginPage">
<kw name="Wait Until Element Is Visible" library="AppiumLibrary">
<arg>${verify_login}</arg>
<doc>Waits until element specified with `locator` is visible.</doc>
<msg timestamp="20240109 18:23:44.243" level="INFO">xpath criteria: //android.widget.TextView[@resource-id="com.example.myapplication:id/textView"]
xpath criteria: //android.widget.TextView[@resource-id="com.example.myapplication:id/textView"]</msg>
<status status="PASS" starttime="20240109 18:23:43.567" endtime="20240109 18:23:44.243"/>
</kw>
<status status="PASS" starttime="20240109 18:23:43.567" endtime="20240109 18:23:44.243"/>
</kw>
<kw name="Close Flight Application" library="base" type="TEARDOWN">
<kw name="Close Application" library="AppiumLibrary">
<doc>Closes the current application and also close webdriver session.</doc>
<status status="PASS" starttime="20240109 18:23:44.245" endtime="20240109 18:23:44.554"/>
</kw>
<status status="PASS" starttime="20240109 18:23:44.244" endtime="20240109 18:23:44.554"/>
</kw>
<status status="PASS" starttime="20240109 18:23:34.886" endtime="20240109 18:23:44.555"/>
</test>
<test id="s1-t2" name="Login Invalid Credential" line="38">
<kw name="open aplikasi" library="base" type="SETUP">
<kw name="Open Application" library="AppiumLibrary">
<arg>remote_url=${REMOTE_URL}</arg>
<arg>platformName=${PLATFORM_NAME}</arg>
<arg>platformVersion=${PLATFORM_VERSION}</arg>
<arg>deviceName=${DEVICE_NAME}</arg>
<arg>appPackage=${APP_PACKAGE}</arg>
<arg>appActivity=${APP_ACTIVITY}</arg>
<doc>Opens a new application to given Appium server.
Capabilities of appium server, Android and iOS,
Please check https://github.com/appium/appium/blob/master/docs/en/writing-running-appium/server-args.md
| *Option*            | *Man.* | *Description*     |
| remote_url          | Yes    | Appium server url |
| alias               | no     | alias             |
| strict_ssl          | No     | allows you to send commands to an invalid certificate host like a self-signed one. |</doc>
<status status="PASS" starttime="20240109 18:23:44.557" endtime="20240109 18:23:50.244"/>
</kw>
<status status="PASS" starttime="20240109 18:23:44.557" endtime="20240109 18:23:50.244"/>
</kw>
<kw name="Verify Home Page Appears" library="homePage">
<kw name="Wait Until Element Is Visible" library="AppiumLibrary">
<arg>${logo_homePage}</arg>
<doc>Waits until element specified with `locator` is visible.</doc>
<msg timestamp="20240109 18:23:51.109" level="INFO">xpath criteria: //android.widget.ImageView[@resource-id="com.example.myapplication:id/imageView4"]</msg>
<status status="PASS" starttime="20240109 18:23:50.245" endtime="20240109 18:23:51.109"/>
</kw>
<status status="PASS" starttime="20240109 18:23:50.245" endtime="20240109 18:23:51.109"/>
</kw>
<kw name="Click Sign In Button On Home Page" library="homePage">
<kw name="Click Element" library="AppiumLibrary">
<arg>${sign-in-button}</arg>
<doc>Click element identified by `locator`.</doc>
<msg timestamp="20240109 18:23:51.113" level="INFO">Clicking element '//android.widget.Button[@resource-id="com.example.myapplication:id/login"]'.</msg>
<msg timestamp="20240109 18:23:51.209" level="INFO">xpath criteria: //android.widget.Button[@resource-id="com.example.myapplication:id/login"]</msg>
<status status="PASS" starttime="20240109 18:23:51.111" endtime="20240109 18:23:51.209"/>
</kw>
<status status="PASS" starttime="20240109 18:23:51.109" endtime="20240109 18:23:51.209"/>
</kw>
<kw name="Verifikasi Input From Login" library="loginPage">
<kw name="Wait Until Element Is Visible" library="AppiumLibrary">
<arg>${username_input}</arg>
<doc>Waits until element specified with `locator` is visible.</doc>
<msg timestamp="20240109 18:23:51.996" level="INFO">xpath criteria: //android.widget.EditText[@resource-id="com.example.myapplication:id/username"]
xpath criteria: //android.widget.EditText[@resource-id="com.example.myapplication:id/username"]</msg>
<status status="PASS" starttime="20240109 18:23:51.210" endtime="20240109 18:23:51.996"/>
</kw>
<kw name="Wait Until Element Is Visible" library="AppiumLibrary">
<arg>${password_input}</arg>
<doc>Waits until element specified with `locator` is visible.</doc>
<msg timestamp="20240109 18:23:52.080" level="INFO">xpath criteria: //android.widget.EditText[@resource-id="com.example.myapplication:id/password"]</msg>
<status status="PASS" starttime="20240109 18:23:51.997" endtime="20240109 18:23:52.080"/>
</kw>
<kw name="Wait Until Element Is Visible" library="AppiumLibrary">
<arg>${log_in_button}</arg>
<doc>Waits until element specified with `locator` is visible.</doc>
<msg timestamp="20240109 18:23:52.146" level="INFO">xpath criteria: //android.widget.Button[@resource-id="com.example.myapplication:id/signIn"]</msg>
<status status="PASS" starttime="20240109 18:23:52.080" endtime="20240109 18:23:52.146"/>
</kw>
<status status="PASS" starttime="20240109 18:23:51.210" endtime="20240109 18:23:52.146"/>
</kw>
<kw name="Input Username On Login Page" library="loginPage">
<arg>${INVALID_USERNAME}</arg>
<kw name="Input Text" library="AppiumLibrary">
<arg>${username_input}</arg>
<arg>${Email}</arg>
<doc>Types the given `text` into text field identified by `locator`.</doc>
<msg timestamp="20240109 18:23:52.149" level="INFO">Typing text 'Invalid' into text field '//android.widget.EditText[@resource-id="com.example.myapplication:id/username"]'</msg>
<msg timestamp="20240109 18:23:52.225" level="INFO">xpath criteria: //android.widget.EditText[@resource-id="com.example.myapplication:id/username"]</msg>
<status status="PASS" starttime="20240109 18:23:52.148" endtime="20240109 18:23:52.225"/>
</kw>
<status status="PASS" starttime="20240109 18:23:52.147" endtime="20240109 18:23:52.225"/>
</kw>
<kw name="Input Password On Login Page" library="loginPage">
<arg>${INVALID_PASSWORD}</arg>
<kw name="Wait Until Element Is Visible" library="AppiumLibrary">
<arg>${username_input}</arg>
<doc>Waits until element specified with `locator` is visible.</doc>
<msg timestamp="20240109 18:23:52.776" level="INFO">xpath criteria: //android.widget.EditText[@resource-id="com.example.myapplication:id/username"]</msg>
<status status="PASS" starttime="20240109 18:23:52.227" endtime="20240109 18:23:52.776"/>
</kw>
<kw name="Input Text" library="AppiumLibrary">
<arg>${password_input}</arg>
<arg>${password}</arg>
<doc>Types the given `text` into text field identified by `locator`.</doc>
<msg timestamp="20240109 18:23:52.778" level="INFO">Typing text 'invalid' into text field '//android.widget.EditText[@resource-id="com.example.myapplication:id/password"]'</msg>
<msg timestamp="20240109 18:23:52.848" level="INFO">xpath criteria: //android.widget.EditText[@resource-id="com.example.myapplication:id/password"]</msg>
<status status="PASS" starttime="20240109 18:23:52.777" endtime="20240109 18:23:52.848"/>
</kw>
<status status="PASS" starttime="20240109 18:23:52.225" endtime="20240109 18:23:52.848"/>
</kw>
<kw name="Click Sign In Button on Login Page" library="loginPage">
<kw name="Click Element" library="AppiumLibrary">
<arg>${log_in_button}</arg>
<doc>Click element identified by `locator`.</doc>
<msg timestamp="20240109 18:23:52.850" level="INFO">Clicking element '//android.widget.Button[@resource-id="com.example.myapplication:id/signIn"]'.</msg>
<msg timestamp="20240109 18:23:53.405" level="INFO">xpath criteria: //android.widget.Button[@resource-id="com.example.myapplication:id/signIn"]</msg>
<status status="PASS" starttime="20240109 18:23:52.849" endtime="20240109 18:23:53.405"/>
</kw>
<status status="PASS" starttime="20240109 18:23:52.849" endtime="20240109 18:23:53.405"/>
</kw>
<kw name="Close Flight Application" library="base" type="TEARDOWN">
<kw name="Close Application" library="AppiumLibrary">
<doc>Closes the current application and also close webdriver session.</doc>
<status status="PASS" starttime="20240109 18:23:53.406" endtime="20240109 18:23:53.671"/>
</kw>
<status status="PASS" starttime="20240109 18:23:53.406" endtime="20240109 18:23:53.671"/>
</kw>
<status status="PASS" starttime="20240109 18:23:44.556" endtime="20240109 18:23:53.672"/>
</test>
<status status="PASS" starttime="20240109 18:23:34.636" endtime="20240109 18:23:53.673"/>
</suite>
<statistics>
<total>
<stat pass="2" fail="0" skip="0">All Tests</stat>
</total>
<tag>
</tag>
<suite>
<stat pass="2" fail="0" skip="0" id="s1" name="Login">Login</stat>
</suite>
</statistics>
<errors>
</errors>
</robot>
