<?xml version="1.0" encoding="UTF-8"?>
<robot generator="Robot 6.1.1 (Python 3.10.10 on win32)" generated="20240109 19:03:30.255" rpa="false" schemaversion="4">
<suite id="s1" name="Login" source="D:\SanberCodQuiz4\Quiz-4---Week-4\suites\login.robot">
<test id="s1-t1" name="User should be able to login with valid credentials" line="17">
<kw name="open aplikasi" library="base" type="SETUP">
<kw name="Open Application" library="AppiumLibrary">
<arg>remote_url=${REMOTE_URL}</arg>
<arg>platformName=${PLATFORM_NAME}</arg>
<arg>platformVersion=${PLATFORM_VERSION}</arg>
<arg>deviceName=${DEVICE_NAME}</arg>
<arg>appPackage=${APP_PACKAGE}</arg>
<arg>appActivity=${APP_ACTIVITY}</arg>
<doc>Opens a new application to given Appium server.
Capabilities of appium server, Android and iOS,
Please check https://github.com/appium/appium/blob/master/docs/en/writing-running-appium/server-args.md
| *Option*            | *Man.* | *Description*     |
| remote_url          | Yes    | Appium server url |
| alias               | no     | alias             |
| strict_ssl          | No     | allows you to send commands to an invalid certificate host like a self-signed one. |</doc>
<status status="PASS" starttime="20240109 19:03:30.525" endtime="20240109 19:03:36.141"/>
</kw>
<status status="PASS" starttime="20240109 19:03:30.524" endtime="20240109 19:03:36.141"/>
</kw>
<kw name="Verify Home Page Appears" library="homePage">
<kw name="Wait Until Element Is Visible" library="AppiumLibrary">
<arg>${logo_homePage}</arg>
<doc>Waits until element specified with `locator` is visible.</doc>
<msg timestamp="20240109 19:03:36.982" level="INFO">xpath criteria: //android.widget.ImageView[@resource-id="com.example.myapplication:id/imageView4"]</msg>
<status status="PASS" starttime="20240109 19:03:36.142" endtime="20240109 19:03:36.983"/>
</kw>
<status status="PASS" starttime="20240109 19:03:36.141" endtime="20240109 19:03:36.983"/>
</kw>
<kw name="Click Sign In Button On Home Page" library="homePage">
<kw name="Click Element" library="AppiumLibrary">
<arg>${sign-in-button}</arg>
<doc>Click element identified by `locator`.</doc>
<msg timestamp="20240109 19:03:36.985" level="INFO">Clicking element '//android.widget.Button[@resource-id="com.example.myapplication:id/login"]'.</msg>
<msg timestamp="20240109 19:03:37.086" level="INFO">xpath criteria: //android.widget.Button[@resource-id="com.example.myapplication:id/login"]</msg>
<status status="PASS" starttime="20240109 19:03:36.983" endtime="20240109 19:03:37.086"/>
</kw>
<status status="PASS" starttime="20240109 19:03:36.983" endtime="20240109 19:03:37.086"/>
</kw>
<kw name="Verifikasi Input From Login" library="loginPage">
<kw name="Wait Until Element Is Visible" library="AppiumLibrary">
<arg>${username_input}</arg>
<doc>Waits until element specified with `locator` is visible.</doc>
<msg timestamp="20240109 19:03:37.934" level="INFO">xpath criteria: //android.widget.EditText[@resource-id="com.example.myapplication:id/username"]
xpath criteria: //android.widget.EditText[@resource-id="com.example.myapplication:id/username"]</msg>
<status status="PASS" starttime="20240109 19:03:37.087" endtime="20240109 19:03:37.934"/>
</kw>
<kw name="Wait Until Element Is Visible" library="AppiumLibrary">
<arg>${password_input}</arg>
<doc>Waits until element specified with `locator` is visible.</doc>
<msg timestamp="20240109 19:03:38.013" level="INFO">xpath criteria: //android.widget.EditText[@resource-id="com.example.myapplication:id/password"]</msg>
<status status="PASS" starttime="20240109 19:03:37.934" endtime="20240109 19:03:38.013"/>
</kw>
<kw name="Wait Until Element Is Visible" library="AppiumLibrary">
<arg>${log_in_button}</arg>
<doc>Waits until element specified with `locator` is visible.</doc>
<msg timestamp="20240109 19:03:38.076" level="INFO">xpath criteria: //android.widget.Button[@resource-id="com.example.myapplication:id/signIn"]</msg>
<status status="PASS" starttime="20240109 19:03:38.014" endtime="20240109 19:03:38.077"/>
</kw>
<status status="PASS" starttime="20240109 19:03:37.086" endtime="20240109 19:03:38.077"/>
</kw>
<kw name="Input Username On Login Page" library="loginPage">
<arg>${VALID_EMAIL}</arg>
<kw name="Input Text" library="AppiumLibrary">
<arg>${username_input}</arg>
<arg>${Email}</arg>
<doc>Types the given `text` into text field identified by `locator`.</doc>
<msg timestamp="20240109 19:03:38.080" level="INFO">Typing text 'support@ngendigital.com' into text field '//android.widget.EditText[@resource-id="com.example.myapplication:id/username"]'</msg>
<msg timestamp="20240109 19:03:38.159" level="INFO">xpath criteria: //android.widget.EditText[@resource-id="com.example.myapplication:id/username"]</msg>
<status status="PASS" starttime="20240109 19:03:38.078" endtime="20240109 19:03:38.159"/>
</kw>
<status status="PASS" starttime="20240109 19:03:38.078" endtime="20240109 19:03:38.159"/>
</kw>
<kw name="Input Password On Login Page" library="loginPage">
<arg>${VALID_PASSWORD}</arg>
<kw name="Wait Until Element Is Visible" library="AppiumLibrary">
<arg>${username_input}</arg>
<doc>Waits until element specified with `locator` is visible.</doc>
<msg timestamp="20240109 19:03:38.710" level="INFO">xpath criteria: //android.widget.EditText[@resource-id="com.example.myapplication:id/username"]</msg>
<status status="PASS" starttime="20240109 19:03:38.160" endtime="20240109 19:03:38.710"/>
</kw>
<kw name="Input Text" library="AppiumLibrary">
<arg>${password_input}</arg>
<arg>${password}</arg>
<doc>Types the given `text` into text field identified by `locator`.</doc>
<msg timestamp="20240109 19:03:38.711" level="INFO">Typing text 'abc123' into text field '//android.widget.EditText[@resource-id="com.example.myapplication:id/password"]'</msg>
<msg timestamp="20240109 19:03:38.774" level="INFO">xpath criteria: //android.widget.EditText[@resource-id="com.example.myapplication:id/password"]</msg>
<status status="PASS" starttime="20240109 19:03:38.710" endtime="20240109 19:03:38.774"/>
</kw>
<status status="PASS" starttime="20240109 19:03:38.159" endtime="20240109 19:03:38.774"/>
</kw>
<kw name="Click Sign In Button on Login Page" library="loginPage">
<kw name="Click Element" library="AppiumLibrary">
<arg>${log_in_button}</arg>
<doc>Click element identified by `locator`.</doc>
<msg timestamp="20240109 19:03:38.778" level="INFO">Clicking element '//android.widget.Button[@resource-id="com.example.myapplication:id/signIn"]'.</msg>
<msg timestamp="20240109 19:03:39.327" level="INFO">xpath criteria: //android.widget.Button[@resource-id="com.example.myapplication:id/signIn"]</msg>
<status status="PASS" starttime="20240109 19:03:38.776" endtime="20240109 19:03:39.327"/>
</kw>
<status status="PASS" starttime="20240109 19:03:38.774" endtime="20240109 19:03:39.327"/>
</kw>
<kw name="Verifikasi Login" library="loginPage">
<kw name="Wait Until Element Is Visible" library="AppiumLibrary">
<arg>${verify_login}</arg>
<doc>Waits until element specified with `locator` is visible.</doc>
<msg timestamp="20240109 19:03:39.998" level="INFO">xpath criteria: //android.widget.TextView[@resource-id="com.example.myapplication:id/textView"]
xpath criteria: //android.widget.TextView[@resource-id="com.example.myapplication:id/textView"]</msg>
<status status="PASS" starttime="20240109 19:03:39.328" endtime="20240109 19:03:39.999"/>
</kw>
<status status="PASS" starttime="20240109 19:03:39.327" endtime="20240109 19:03:39.999"/>
</kw>
<kw name="Close Flight Application" library="base" type="TEARDOWN">
<kw name="Close Application" library="AppiumLibrary">
<doc>Closes the current application and also close webdriver session.</doc>
<status status="PASS" starttime="20240109 19:03:39.999" endtime="20240109 19:03:40.310"/>
</kw>
<status status="PASS" starttime="20240109 19:03:39.999" endtime="20240109 19:03:40.310"/>
</kw>
<status status="PASS" starttime="20240109 19:03:30.524" endtime="20240109 19:03:40.311"/>
</test>
<test id="s1-t2" name="Login Invalid Credential" line="38">
<kw name="open aplikasi" library="base" type="SETUP">
<kw name="Open Application" library="AppiumLibrary">
<arg>remote_url=${REMOTE_URL}</arg>
<arg>platformName=${PLATFORM_NAME}</arg>
<arg>platformVersion=${PLATFORM_VERSION}</arg>
<arg>deviceName=${DEVICE_NAME}</arg>
<arg>appPackage=${APP_PACKAGE}</arg>
<arg>appActivity=${APP_ACTIVITY}</arg>
<doc>Opens a new application to given Appium server.
Capabilities of appium server, Android and iOS,
Please check https://github.com/appium/appium/blob/master/docs/en/writing-running-appium/server-args.md
| *Option*            | *Man.* | *Description*     |
| remote_url          | Yes    | Appium server url |
| alias               | no     | alias             |
| strict_ssl          | No     | allows you to send commands to an invalid certificate host like a self-signed one. |</doc>
<status status="PASS" starttime="20240109 19:03:40.313" endtime="20240109 19:03:45.906"/>
</kw>
<status status="PASS" starttime="20240109 19:03:40.312" endtime="20240109 19:03:45.906"/>
</kw>
<kw name="Verify Home Page Appears" library="homePage">
<kw name="Wait Until Element Is Visible" library="AppiumLibrary">
<arg>${logo_homePage}</arg>
<doc>Waits until element specified with `locator` is visible.</doc>
<msg timestamp="20240109 19:03:46.744" level="INFO">xpath criteria: //android.widget.ImageView[@resource-id="com.example.myapplication:id/imageView4"]</msg>
<status status="PASS" starttime="20240109 19:03:45.907" endtime="20240109 19:03:46.744"/>
</kw>
<status status="PASS" starttime="20240109 19:03:45.906" endtime="20240109 19:03:46.744"/>
</kw>
<kw name="Click Sign In Button On Home Page" library="homePage">
<kw name="Click Element" library="AppiumLibrary">
<arg>${sign-in-button}</arg>
<doc>Click element identified by `locator`.</doc>
<msg timestamp="20240109 19:03:46.747" level="INFO">Clicking element '//android.widget.Button[@resource-id="com.example.myapplication:id/login"]'.</msg>
<msg timestamp="20240109 19:03:46.852" level="INFO">xpath criteria: //android.widget.Button[@resource-id="com.example.myapplication:id/login"]</msg>
<status status="PASS" starttime="20240109 19:03:46.745" endtime="20240109 19:03:46.852"/>
</kw>
<status status="PASS" starttime="20240109 19:03:46.745" endtime="20240109 19:03:46.852"/>
</kw>
<kw name="Verifikasi Input From Login" library="loginPage">
<kw name="Wait Until Element Is Visible" library="AppiumLibrary">
<arg>${username_input}</arg>
<doc>Waits until element specified with `locator` is visible.</doc>
<msg timestamp="20240109 19:03:47.639" level="INFO">xpath criteria: //android.widget.EditText[@resource-id="com.example.myapplication:id/username"]
xpath criteria: //android.widget.EditText[@resource-id="com.example.myapplication:id/username"]</msg>
<status status="PASS" starttime="20240109 19:03:46.854" endtime="20240109 19:03:47.639"/>
</kw>
<kw name="Wait Until Element Is Visible" library="AppiumLibrary">
<arg>${password_input}</arg>
<doc>Waits until element specified with `locator` is visible.</doc>
<msg timestamp="20240109 19:03:47.712" level="INFO">xpath criteria: //android.widget.EditText[@resource-id="com.example.myapplication:id/password"]</msg>
<status status="PASS" starttime="20240109 19:03:47.639" endtime="20240109 19:03:47.712"/>
</kw>
<kw name="Wait Until Element Is Visible" library="AppiumLibrary">
<arg>${log_in_button}</arg>
<doc>Waits until element specified with `locator` is visible.</doc>
<msg timestamp="20240109 19:03:47.776" level="INFO">xpath criteria: //android.widget.Button[@resource-id="com.example.myapplication:id/signIn"]</msg>
<status status="PASS" starttime="20240109 19:03:47.714" endtime="20240109 19:03:47.776"/>
</kw>
<status status="PASS" starttime="20240109 19:03:46.852" endtime="20240109 19:03:47.776"/>
</kw>
<kw name="Input Username On Login Page" library="loginPage">
<arg>${INVALID_USERNAME}</arg>
<kw name="Input Text" library="AppiumLibrary">
<arg>${username_input}</arg>
<arg>${Email}</arg>
<doc>Types the given `text` into text field identified by `locator`.</doc>
<msg timestamp="20240109 19:03:47.779" level="INFO">Typing text 'Invalid' into text field '//android.widget.EditText[@resource-id="com.example.myapplication:id/username"]'</msg>
<msg timestamp="20240109 19:03:47.852" level="INFO">xpath criteria: //android.widget.EditText[@resource-id="com.example.myapplication:id/username"]</msg>
<status status="PASS" starttime="20240109 19:03:47.778" endtime="20240109 19:03:47.853"/>
</kw>
<status status="PASS" starttime="20240109 19:03:47.778" endtime="20240109 19:03:47.853"/>
</kw>
<kw name="Input Password On Login Page" library="loginPage">
<arg>${INVALID_PASSWORD}</arg>
<kw name="Wait Until Element Is Visible" library="AppiumLibrary">
<arg>${username_input}</arg>
<doc>Waits until element specified with `locator` is visible.</doc>
<msg timestamp="20240109 19:03:48.356" level="INFO">xpath criteria: //android.widget.EditText[@resource-id="com.example.myapplication:id/username"]</msg>
<status status="PASS" starttime="20240109 19:03:47.853" endtime="20240109 19:03:48.357"/>
</kw>
<kw name="Input Text" library="AppiumLibrary">
<arg>${password_input}</arg>
<arg>${password}</arg>
<doc>Types the given `text` into text field identified by `locator`.</doc>
<msg timestamp="20240109 19:03:48.359" level="INFO">Typing text 'invalid' into text field '//android.widget.EditText[@resource-id="com.example.myapplication:id/password"]'</msg>
<msg timestamp="20240109 19:03:48.426" level="INFO">xpath criteria: //android.widget.EditText[@resource-id="com.example.myapplication:id/password"]</msg>
<status status="PASS" starttime="20240109 19:03:48.357" endtime="20240109 19:03:48.426"/>
</kw>
<status status="PASS" starttime="20240109 19:03:47.853" endtime="20240109 19:03:48.426"/>
</kw>
<kw name="Click Sign In Button on Login Page" library="loginPage">
<kw name="Click Element" library="AppiumLibrary">
<arg>${log_in_button}</arg>
<doc>Click element identified by `locator`.</doc>
<msg timestamp="20240109 19:03:48.428" level="INFO">Clicking element '//android.widget.Button[@resource-id="com.example.myapplication:id/signIn"]'.</msg>
<msg timestamp="20240109 19:03:48.942" level="INFO">xpath criteria: //android.widget.Button[@resource-id="com.example.myapplication:id/signIn"]</msg>
<status status="PASS" starttime="20240109 19:03:48.426" endtime="20240109 19:03:48.942"/>
</kw>
<status status="PASS" starttime="20240109 19:03:48.426" endtime="20240109 19:03:48.942"/>
</kw>
<kw name="Nontifikasi gagal Login" library="loginPage">
<kw name="Wait Until Page Contains" library="AppiumLibrary">
<arg>Invalid username/password</arg>
<doc>Waits until `text` appears on current page.</doc>
<status status="PASS" starttime="20240109 19:03:48.943" endtime="20240109 19:03:49.019"/>
</kw>
<status status="PASS" starttime="20240109 19:03:48.942" endtime="20240109 19:03:49.019"/>
</kw>
<kw name="Close Flight Application" library="base" type="TEARDOWN">
<kw name="Close Application" library="AppiumLibrary">
<doc>Closes the current application and also close webdriver session.</doc>
<status status="PASS" starttime="20240109 19:03:49.021" endtime="20240109 19:03:49.318"/>
</kw>
<status status="PASS" starttime="20240109 19:03:49.020" endtime="20240109 19:03:49.318"/>
</kw>
<status status="PASS" starttime="20240109 19:03:40.312" endtime="20240109 19:03:49.319"/>
</test>
<status status="PASS" starttime="20240109 19:03:30.256" endtime="20240109 19:03:49.321"/>
</suite>
<statistics>
<total>
<stat pass="2" fail="0" skip="0">All Tests</stat>
</total>
<tag>
</tag>
<suite>
<stat pass="2" fail="0" skip="0" id="s1" name="Login">Login</stat>
</suite>
</statistics>
<errors>
</errors>
</robot>
